0 info it worked if it ends with ok
1 verbose cli [ '/usr/local/bin/node', '/usr/local/bin/npm', 'run', 'test' ]
2 info using npm@3.3.6
3 info using node@v5.0.0
4 verbose run-script [ 'pretest', 'test', 'posttest' ]
5 info lifecycle Sizzle.IO@0.0.0~pretest: Sizzle.IO@0.0.0
6 silly lifecycle Sizzle.IO@0.0.0~pretest: no script for pretest, continuing
7 info lifecycle Sizzle.IO@0.0.0~test: Sizzle.IO@0.0.0
8 verbose lifecycle Sizzle.IO@0.0.0~test: unsafe-perm in lifecycle true
9 verbose lifecycle Sizzle.IO@0.0.0~test: PATH: /usr/local/lib/node_modules/npm/bin/node-gyp-bin:/usr/local/GiftBox/node_modules/.bin:/usr/local/sbin:/usr/local/sbin:/Users/Robby/.rbenv/shims:/Users/Robby/ruby1.9.3-with-tk/bin:/opt/local/bin:/opt/local/sbin:/usr/local/bin:/usr/bin:/bin:/usr/sbin:/sbin:/opt/X11/bin:/usr/local/MacGPG2/bin:/usr/local/smlnj/bin
10 verbose lifecycle Sizzle.IO@0.0.0~test: CWD: /usr/local/GiftBox
11 silly lifecycle Sizzle.IO@0.0.0~test: Args: [ '-c',
11 silly lifecycle   'cd js && ../node_modules/.bin/mocha --require test/bootstrap.js test' ]
12 silly lifecycle Sizzle.IO@0.0.0~test: Returned: code: 1  signal: null
13 info lifecycle Sizzle.IO@0.0.0~test: Failed to exec test script
14 verbose stack Error: Sizzle.IO@0.0.0 test: `cd js && ../node_modules/.bin/mocha --require test/bootstrap.js test`
14 verbose stack Exit status 1
14 verbose stack     at EventEmitter.<anonymous> (/usr/local/lib/node_modules/npm/lib/utils/lifecycle.js:233:16)
14 verbose stack     at emitTwo (events.js:87:13)
14 verbose stack     at EventEmitter.emit (events.js:172:7)
14 verbose stack     at ChildProcess.<anonymous> (/usr/local/lib/node_modules/npm/lib/utils/spawn.js:24:14)
14 verbose stack     at emitTwo (events.js:87:13)
14 verbose stack     at ChildProcess.emit (events.js:172:7)
14 verbose stack     at maybeClose (internal/child_process.js:818:16)
14 verbose stack     at Process.ChildProcess._handle.onexit (internal/child_process.js:211:5)
15 verbose pkgid Sizzle.IO@0.0.0
16 verbose cwd /usr/local/GiftBox
17 error Darwin 15.4.0
18 error argv "/usr/local/bin/node" "/usr/local/bin/npm" "run" "test"
19 error node v5.0.0
20 error npm  v3.3.6
21 error code ELIFECYCLE
22 error Sizzle.IO@0.0.0 test: `cd js && ../node_modules/.bin/mocha --require test/bootstrap.js test`
22 error Exit status 1
23 error Failed at the Sizzle.IO@0.0.0 test script 'cd js && ../node_modules/.bin/mocha --require test/bootstrap.js test'.
23 error This is most likely a problem with the Sizzle.IO package,
23 error not with npm itself.
23 error Tell the author that this fails on your system:
23 error     cd js && ../node_modules/.bin/mocha --require test/bootstrap.js test
23 error You can get their info via:
23 error     npm owner ls Sizzle.IO
23 error There is likely additional logging output above.
24 verbose exit [ 1, true ]
